13.11.2024 13:47:21-INFO-Запуск программы тестирования
13.11.2024 13:48:06-ERROR-Запуск программы тестирования
13.11.2024 13:48:33-WARNING-Запуск программы тестирования
13-11-2024 13-49-11-WARNING-Запуск программы тестирования
<13-11-2024 13-51-25><WARNING>-Запуск программы тестирования
13-11-2024 13-52-21<INFO> Запуск программы тестирования
13-11-2024 13-52-58 <INFO> Запуск программы тестирования
13-11-2024 14-30-46 <INFO> Запуск программы тестирования
13-11-2024 14-31-18 <INFO> Запуск программы тестирования
13-11-2024 14-32-44 <INFO> Запуск программы тестирования
13-11-2024 14-33-52 <INFO> Запуск программы тестирования
13-11-2024 14-36-15 <INFO> Запуск программы тестирования
13-11-2024 14-38-37 <INFO> Запуск программы тестирования
13-11-2024 14-44-26 <INFO> Запуск программы тестирования
13-11-2024 14-44-57 <INFO> Запуск программы тестирования
13-11-2024 14-46-18 <INFO> Запуск программы тестирования
13-11-2024 14-47-56 <INFO> Запуск программы тестирования
13-11-2024 14-48-11 <INFO> Запуск программы тестирования
13-11-2024 14-48-56 <INFO> Запуск программы тестирования
13-11-2024 14-49-34 <INFO> Запуск программы тестирования
13-11-2024 14-50-04 <INFO> Запуск программы тестирования
13-11-2024 14-50-24 <INFO> Запуск программы тестирования
13-11-2024 14-50-55 <INFO> Запуск программы тестирования
13-11-2024 14-59-48 <INFO> Запуск программы тестирования
13-11-2024 15-00-32 <INFO> Запуск программы тестирования
13-11-2024 15-00-52 <INFO> Запуск программы тестирования
13-11-2024 15-05-00 <INFO> Запуск программы тестирования
13-11-2024 15-11-51 <INFO> Запуск программы тестирования
13-11-2024 15-13-40 <INFO> Запуск программы тестирования
13-11-2024 15-15-20 <INFO> Запуск программы тестирования
13-11-2024 15-28-14 <INFO> Запуск программы тестирования
13-11-2024 15-31-24 <INFO> Запуск программы тестирования
13-11-2024 15-35-29 <INFO> Запуск программы тестирования
13-11-2024 15-36-31 <INFO> Запуск программы тестирования
13-11-2024 15-38-09 <INFO> Запуск программы тестирования
13-11-2024 15-39-17 <INFO> Запуск программы тестирования
13-11-2024 15-40-37 <INFO> Запуск программы тестирования
13-11-2024 15-41-43 <INFO> Запуск программы тестирования
13-11-2024 15-42-12 <INFO> Запуск программы тестирования
13-11-2024 15-43-17 <INFO> Запуск программы тестирования
13-11-2024 15-43-37 <INFO> Запуск программы тестирования
13-11-2024 15-44-04 <INFO> Запуск программы тестирования
13-11-2024 15-44-21 <INFO> Запуск программы тестирования
13-11-2024 15-45-18 <INFO> Запуск программы тестирования
13-11-2024 15-46-32 <INFO> Запуск программы тестирования
13-11-2024 15-47-19 <INFO> Запуск программы тестирования
13-11-2024 15-48-11 <INFO> Запуск программы тестирования
13-11-2024 15-49-14 <INFO> Запуск программы тестирования
13-11-2024 15-55-06 <INFO> Запуск программы тестирования
13-11-2024 15-55-29 <INFO> Запуск программы тестирования
13-11-2024 16-17-21 <INFO> Запуск программы тестирования
13-11-2024 16-31-12 <INFO> Запуск программы тестирования
